<?xml version="1.0" encoding="UTF-8"?>
<!-- Generated by org.testng.reporters.JUnitReportReporter -->
<testsuite hostname="MBP-Artem" failures="0" tests="1" name="ApiLoginTest.userSearchTest" time="1.383" errors="0" timestamp="2022-08-11T22:21:57 MSK" skipped="0">
  <testcase classname="ApiLoginTest.userSearchTest" name="getUserByName" time="1.383"/>
  <system-out/>
</testsuite> <!-- ApiLoginTest.userSearchTest -->
