<?xml version="1.0" encoding="UTF-8"?>
<!-- Generated by org.testng.reporters.JUnitReportReporter -->
<testsuite hostname="MBP-Artem" failures="0" tests="1" name="ApiGetAllRoles.GetAllRolesTest" time="0.215" errors="0" timestamp="2022-08-16T21:27:00 MSK" skipped="0">
  <testcase classname="ApiGetAllRoles.GetAllRolesTest" name="getAllRoles_SC" time="0.215"/>
  <system-out/>
</testsuite> <!-- ApiGetAllRoles.GetAllRolesTest -->
